  MOC src/ParseScenario.h
  MOC src/PedSimulation.h
  MainWindow.cpp
  ParseScenario.cpp
  PedSimulation.cpp
  ViewAgent.cpp
  main.cpp
  moc_ParseScenario.cpp
  moc_PedSimulation.cpp
  Generating Code...
LINK : fatal error LNK1181: cannot open input file 'libpedsim.lib'

Project Performance Summary:
    13692 ms  C:\Users\loos2321\lågnivå parallell\CrowdSimulation2019-rc2\CrowdSimulation2019\Demo\Demo.vcxproj   1 calls
              13692 ms  Build                                      1 calls

Target Performance Summary:
        0 ms  AfterBuildGenerateSourcesEvent             1 calls
        0 ms  AfterBuildGenerateSources                  1 calls
        0 ms  ComputeLinkSwitches                        1 calls
        0 ms  _BuildGenerateSourcesAction                1 calls
        0 ms  BuildGenerateSources                       1 calls
        0 ms  BuildCompileTraverse                       1 calls
        0 ms  BeforeClCompile                            1 calls
        0 ms  ComputeReferenceCLInput                    1 calls
        0 ms  FixupCLCompileOptions                      1 calls
        0 ms  MakeDirsForCl                              1 calls
        0 ms  SelectClCompile                            1 calls
        0 ms  DoLinkOutputFilesMatch                     1 calls
        0 ms  AfterClCompile                             1 calls
        0 ms  _ClCompile                                 1 calls
        0 ms  BeforeResourceCompile                      1 calls
        0 ms  MakeDirsForResourceCompile                 1 calls
        0 ms  AfterResourceCompile                       1 calls
        0 ms  _ResourceCompile                           1 calls
        0 ms  CreateCustomManifestResourceNames          1 calls
        0 ms  AssignTargetPaths                          1 calls
        0 ms  ComputeManifestInputsTargets               1 calls
        0 ms  ComputeLinkInputsFromProject               1 calls
        0 ms  ComputeCLGeneratedLinkInputs               1 calls
        0 ms  ComputeManifestGeneratedLinkerInputs       1 calls
        0 ms  PrepareResourceNames                       1 calls
        0 ms  ComputeRCGeneratedLinkInputs               1 calls
        0 ms  BeforeLink                                 1 calls
        0 ms  ComputeLegacyManifestEmbedding             1 calls
        0 ms  BuildLinkTraverse                          1 calls
        0 ms  BuildCompile                               1 calls
        0 ms  _BuildCompileAction                        1 calls
        0 ms  AfterBuildCompileEvent                     1 calls
        0 ms  ComputeRCOutputs                           1 calls
        0 ms  AfterMidl                                  1 calls
        0 ms  _Midl                                      1 calls
        0 ms  MakeDirsForMidl                            1 calls
        0 ms  SetTelemetryEnvironmentVariables           1 calls
        0 ms  _PrepareForReferenceResolution             1 calls
        0 ms  BeforeResolveReferences                    1 calls
        0 ms  AssignProjectConfiguration                 1 calls
        0 ms  _SplitProjectReferencesByFileExistence     1 calls
        0 ms  PrepareProjectReferences                   1 calls
        0 ms  ResolveProjectReferences                   1 calls
        0 ms  GetFrameworkPaths                          1 calls
        0 ms  SetBuildDefaultEnvironmentVariables        1 calls
        0 ms  PlatformPrepareForBuild                    1 calls
        0 ms  Desktop_PlatformPrepareForBuild            1 calls
        0 ms  ComputeMIDLGeneratedCompileInputs          1 calls
        0 ms  ResolveSDKReferences                       1 calls
        0 ms  ExpandSDKReferences                        1 calls
        0 ms  MakeDirsForLink                            1 calls
        0 ms  ResolveAssemblyReferences                  1 calls
        0 ms  AfterResolveReferences                     1 calls
        0 ms  _Xsd                                       1 calls
        0 ms  ResolveReferences                          1 calls
        0 ms  PreLinkEvent                               1 calls
        0 ms  SelectCustomBuild                          1 calls
        0 ms  BuildGenerateSourcesTraverse               1 calls
        0 ms  _SelectedFiles                             1 calls
        0 ms  BeforeBuildGenerateSources                 1 calls
        1 ms  ComputeCustomBuildOutput                   1 calls
        1 ms  PreBuildEvent                              1 calls
        1 ms  _HandlePackageFileConflicts                1 calls
        1 ms  GetResolvedWinMD                           1 calls
        1 ms  _GetProjectReferenceTargetFrameworkProperties   1 calls
        1 ms  SplitResourcesByCulture                    1 calls
        1 ms  GetReferenceAssemblyPaths                  1 calls
        1 ms  WarnCompileDuplicatedFilename              1 calls
        1 ms  ComputeCLInputPDBName                      1 calls
        1 ms  ComputeCLOutputs                           1 calls
        1 ms  _PrepareForBuild                           1 calls
        2 ms  InitializeBuildStatus                      1 calls
        3 ms  PrepareForBuild                            1 calls
        4 ms  SetCABuildNativeEnvironmentVariables       1 calls
        5 ms  _CheckForInvalidConfigurationAndPlatform   1 calls
      106 ms  Link                                       1 calls
     1077 ms  CustomBuild                                1 calls
    12483 ms  ClCompile                                  1 calls

Task Performance Summary:
        0 ms  SetEnv                                     7 calls
        0 ms  AssignProjectConfiguration                 1 calls
        0 ms  ReadLinesFromFile                          1 calls
        0 ms  AssignTargetPath                           4 calls
        0 ms  AssignCulture                              1 calls
        0 ms  SetEnvironmentVariable                     1 calls
        1 ms  Touch                                      1 calls
        1 ms  ResolvePackageFileConflicts                1 calls
        1 ms  Message                                    2 calls
        1 ms  MSBuild                                    1 calls
        1 ms  WriteLinesToFile                           1 calls
        1 ms  MakeDir                                    7 calls
      105 ms  Link                                       1 calls
     1077 ms  CustomBuild                                1 calls
    12481 ms  CL                                         1 calls
