  moc_PedSimulation.cpp
  MainWindow.cpp
  PedSimulation.cpp
  ViewAgent.cpp
  main.cpp
x:\documents\crowdsimulation2019\crowdsimulation2019\libpedsim\src\ped_agent.h(41): warning C4244: '=': conversion from 'int' to 'float', possible loss of data
x:\documents\crowdsimulation2019\crowdsimulation2019\libpedsim\src\ped_agent.h(47): warning C4244: '=': conversion from 'int' to 'float', possible loss of data
x:\documents\crowdsimulation2019\crowdsimulation2019\libpedsim\src\ped_agent.h(72): warning C4244: 'return': conversion from 'float' to 'int', possible loss of data
x:\documents\crowdsimulation2019\crowdsimulation2019\libpedsim\src\ped_agent.h(79): warning C4244: 'return': conversion from 'float' to 'int', possible loss of data
  Generating Code...
     Creating library debug\Demo\\Demo.lib and object debug\Demo\\Demo.exp
libpedsim.lib(cuda_testkernel.cu.obj) : warning LNK4099: PDB 'vc140.pdb' was not found with 'libpedsim.lib(cuda_testkernel.cu.obj)' or at 'X:\Documents\CrowdSimulation2019\CrowdSimulation2019\Demo\debug\Demo\vc140.pdb'; linking object as if no debug info
  Demo.vcxproj -> X:\Documents\CrowdSimulation2019\CrowdSimulation2019\Demo\debug\Demo\Demo.exe

Project Performance Summary:
    17743 ms  X:\Documents\CrowdSimulation2019\CrowdSimulation2019\Demo\Demo.vcxproj   1 calls
              17743 ms  Build                                      1 calls

Target Performance Summary:
        0 ms  _CheckForInvalidConfigurationAndPlatform   1 calls
        0 ms  PreLinkEvent                               1 calls
        0 ms  DoLinkOutputFilesMatch                     1 calls
        0 ms  PrepareResourceNames                       1 calls
        0 ms  CreateCustomManifestResourceNames          1 calls
        0 ms  ComputeManifestInputsTargets               1 calls
        0 ms  ComputeLinkInputsFromProject               1 calls
        0 ms  ComputeManifestGeneratedLinkerInputs       1 calls
        0 ms  ComputeRCGeneratedLinkInputs               1 calls
        0 ms  ComputeRCOutputs                           1 calls
        0 ms  BeforeLink                                 1 calls
        0 ms  BuildLinkTraverse                          1 calls
        0 ms  BuildCompile                               1 calls
        0 ms  _BuildCompileAction                        1 calls
        0 ms  AfterBuildCompileEvent                     1 calls
        0 ms  _ResourceCompile                           1 calls
        0 ms  AfterResourceCompile                       1 calls
        0 ms  BeforeResourceCompile                      1 calls
        0 ms  _ClCompile                                 1 calls
        0 ms  AfterClCompile                             1 calls
        0 ms  AfterLink                                  1 calls
        0 ms  _Link                                      1 calls
        0 ms  _ALink                                     1 calls
        0 ms  _Manifest                                  1 calls
        0 ms  AfterBuild                                 1 calls
        0 ms  BuildLink                                  1 calls
        0 ms  _BuildLinkAction                           1 calls
        0 ms  PostBuildEvent                             1 calls
        0 ms  PrepareForRun                              1 calls
        0 ms  CopyFilesToOutputDirectory                 1 calls
        0 ms  _CheckForCompileOutputs                    1 calls
        0 ms  _CopySourceItemsToOutputDirectory          1 calls
        0 ms  GetCopyToOutputDirectoryXamlAppDefs        1 calls
        0 ms  SelectClCompile                            1 calls
        0 ms  _Deploy                                    1 calls
        0 ms  CreateSatelliteAssemblies                  1 calls
        0 ms  _GenerateSatelliteAssemblyInputs           1 calls
        0 ms  _BscMake                                   1 calls
        0 ms  MakeDirsForBscMake                         1 calls
        0 ms  ComputeCLCompileGeneratedSbrFiles          1 calls
        0 ms  _XdcMake                                   1 calls
        0 ms  MakeDirsForXdcMake                         1 calls
        0 ms  ComputeCLCompileGeneratedXDCFiles          1 calls
        0 ms  RegisterOutput                             1 calls
        0 ms  _Appverifier                               1 calls
        0 ms  MakeDirsForCl                              1 calls
        0 ms  Build                                      1 calls
        0 ms  WarnCompileDuplicatedFilename              1 calls
        0 ms  _SelectedFiles                             1 calls
        0 ms  PreBuildEvent                              1 calls
        0 ms  BeforeResolveReferences                    1 calls
        0 ms  BeforeBuildGenerateSources                 1 calls
        0 ms  BuildGenerateSourcesTraverse               1 calls
        0 ms  AssignProjectConfiguration                 1 calls
        0 ms  _SplitProjectReferencesByFileExistence     1 calls
        0 ms  ResolveReferences                          1 calls
        0 ms  GetReferenceAssemblyPaths                  1 calls
        0 ms  AfterResolveReferences                     1 calls
        0 ms  _HandlePackageFileConflicts                1 calls
        0 ms  ExpandSDKReferences                        1 calls
        0 ms  ResolveSDKReferences                       1 calls
        0 ms  PrepareProjectReferences                   1 calls
        0 ms  ResolveProjectReferences                   1 calls
        0 ms  Desktop_PlatformPrepareForBuild            1 calls
        0 ms  PlatformPrepareForBuild                    1 calls
        0 ms  GetResolvedWinMD                           1 calls
        0 ms  ResolveAssemblyReferences                  1 calls
        0 ms  SelectCustomBuild                          1 calls
        0 ms  GetFrameworkPaths                          1 calls
        0 ms  AfterBuildGenerateSources                  1 calls
        0 ms  ComputeCLInputPDBName                      1 calls
        0 ms  _PrepareForReferenceResolution             1 calls
        0 ms  _Xsd                                       1 calls
        0 ms  MakeDirsForMidl                            1 calls
        0 ms  ComputeMIDLGeneratedCompileInputs          1 calls
        0 ms  BeforeClCompile                            1 calls
        0 ms  BuildCompileTraverse                       1 calls
        0 ms  AfterMidl                                  1 calls
        0 ms  _PrepareForBuild                           1 calls
        0 ms  _Midl                                      1 calls
        0 ms  BuildGenerateSources                       1 calls
        0 ms  AfterBuildGenerateSourcesEvent             1 calls
        0 ms  _BuildGenerateSourcesAction                1 calls
        1 ms  ComputeReferenceCLInput                    1 calls
        1 ms  SplitResourcesByCulture                    1 calls
        1 ms  ComputeLegacyManifestEmbedding             1 calls
        1 ms  ComputeCLGeneratedLinkInputs               1 calls
        1 ms  SetBuildDefaultEnvironmentVariables        1 calls
        1 ms  FixupCLCompileOptions                      1 calls
        1 ms  SetTelemetryEnvironmentVariables           1 calls
        1 ms  _GetProjectReferenceTargetFrameworkProperties   1 calls
        1 ms  AssignTargetPaths                          1 calls
        1 ms  ComputeCLOutputs                           1 calls
        1 ms  ComputeCustomBuildOutput                   1 calls
        1 ms  ResolvedXDCMake                            1 calls
        1 ms  MakeDirsForResourceCompile                 1 calls
        1 ms  ComputeLinkSwitches                        1 calls
        2 ms  MakeDirsForLink                            1 calls
        3 ms  GetCopyToOutputDirectoryItems              1 calls
        6 ms  SetCABuildNativeEnvironmentVariables       1 calls
       10 ms  ComputeLinkImportLibraryOutputsForClean    1 calls
       17 ms  InitializeBuildStatus                      1 calls
       20 ms  FinalizeBuildStatus                        1 calls
       27 ms  CustomBuild                                1 calls
       31 ms  PrepareForBuild                            1 calls
     5311 ms  Link                                       1 calls
    12299 ms  ClCompile                                  1 calls

Task Performance Summary:
        0 ms  Message                                    3 calls
        0 ms  AssignProjectConfiguration                 1 calls
        0 ms  SetEnvironmentVariable                     1 calls
        0 ms  ResolvePackageFileConflicts                1 calls
        0 ms  CallTarget                                 1 calls
        0 ms  AssignCulture                              1 calls
        1 ms  MSBuild                                    1 calls
        2 ms  SetEnv                                     7 calls
        2 ms  AssignTargetPath                           6 calls
        2 ms  ReadLinesFromFile                          1 calls
        5 ms  MakeDir                                    9 calls
       12 ms  WriteLinesToFile                           2 calls
       14 ms  Delete                                     1 calls
       14 ms  Touch                                      2 calls
       27 ms  CustomBuild                                1 calls
     5311 ms  Link                                       1 calls
    12298 ms  CL                                         1 calls
