x:\documents\team-b3-aziz-lindholm-osslund\crowdsimulation2019\demo\debug\demo\demo.ilk
x:\documents\team-b3-aziz-lindholm-osslund\crowdsimulation2019\demo\debug\demo\demo.exe
x:\documents\team-b3-aziz-lindholm-osslund\crowdsimulation2019\demo\debug\demo\demo.pdb
x:\documents\team-b3-aziz-lindholm-osslund\crowdsimulation2019\demo\debug\vc140.pdb
x:\documents\team-b3-aziz-lindholm-osslund\crowdsimulation2019\demo\debug\moc_pedsimulation.obj
x:\documents\team-b3-aziz-lindholm-osslund\crowdsimulation2019\demo\debug\moc_parsescenario.obj
x:\documents\team-b3-aziz-lindholm-osslund\crowdsimulation2019\demo\debug\main.obj
x:\documents\team-b3-aziz-lindholm-osslund\crowdsimulation2019\demo\debug\viewagent.obj
x:\documents\team-b3-aziz-lindholm-osslund\crowdsimulation2019\demo\debug\pedsimulation.obj
x:\documents\team-b3-aziz-lindholm-osslund\crowdsimulation2019\demo\debug\parsescenario.obj
x:\documents\team-b3-aziz-lindholm-osslund\crowdsimulation2019\demo\debug\mainwindow.obj
x:\documents\team-b3-aziz-lindholm-osslund\crowdsimulation2019\demo\debug\vc141.pdb
x:\documents\team-b3-aziz-lindholm-osslund\crowdsimulation2019\demo\debug\moc_parsescenario.cpp
x:\documents\team-b3-aziz-lindholm-osslund\crowdsimulation2019\demo\debug\moc_pedsimulation.cpp
x:\documents\team-b3-aziz-lindholm-osslund\crowdsimulation2019\demo\debug\demo\demo.lib
x:\documents\team-b3-aziz-lindholm-osslund\crowdsimulation2019\demo\debug\demo\demo.exp
x:\documents\team-b3-aziz-lindholm-osslund\crowdsimulation2019\demo\debug\demo.tlog\link.command.1.tlog
x:\documents\team-b3-aziz-lindholm-osslund\crowdsimulation2019\demo\debug\demo.tlog\link.write.1.tlog
x:\documents\team-b3-aziz-lindholm-osslund\crowdsimulation2019\demo\debug\demo.tlog\link.read.1.tlog
x:\documents\team-b3-aziz-lindholm-osslund\crowdsimulation2019\demo\debug\demo.tlog\cl.command.1.tlog
x:\documents\team-b3-aziz-lindholm-osslund\crowdsimulation2019\demo\debug\demo.tlog\cl.write.1.tlog
x:\documents\team-b3-aziz-lindholm-osslund\crowdsimulation2019\demo\debug\demo.tlog\cl.read.1.tlog
x:\documents\team-b3-aziz-lindholm-osslund\crowdsimulation2019\demo\debug\demo.tlog\custombuild.command.1.tlog
x:\documents\team-b3-aziz-lindholm-osslund\crowdsimulation2019\demo\debug\demo.tlog\custombuild.read.1.tlog
x:\documents\team-b3-aziz-lindholm-osslund\crowdsimulation2019\demo\debug\demo.tlog\custombuild.write.1.tlog
x:\documents\team-b3-aziz-lindholm-osslund\crowdsimulation2019\demo\debug\demo.tlog\demo.write.1u.tlog
x:\documents\team-b3-aziz-lindholm-osslund\crowdsimulation2019\demo\debug\demo.tlog\link.delete.1.tlog
