x:\documents\crowdsimulation2019\crowdsimulation2019\demo\release\moc_pedsimulation.obj
x:\documents\crowdsimulation2019\crowdsimulation2019\demo\release\moc_parsescenario.obj
x:\documents\crowdsimulation2019\crowdsimulation2019\demo\release\main.obj
x:\documents\crowdsimulation2019\crowdsimulation2019\demo\release\viewagent.obj
x:\documents\crowdsimulation2019\crowdsimulation2019\demo\release\pedsimulation.obj
x:\documents\crowdsimulation2019\crowdsimulation2019\demo\release\parsescenario.obj
x:\documents\crowdsimulation2019\crowdsimulation2019\demo\release\mainwindow.obj
x:\documents\crowdsimulation2019\crowdsimulation2019\demo\release\moc_parsescenario.cpp
x:\documents\crowdsimulation2019\crowdsimulation2019\demo\release\moc_pedsimulation.cpp
x:\documents\crowdsimulation2019\crowdsimulation2019\demo\timing-release\demo\demo.lib
x:\documents\crowdsimulation2019\crowdsimulation2019\demo\timing-release\demo\demo.exp
x:\documents\crowdsimulation2019\crowdsimulation2019\demo\timing-release\demo\demo.exe
x:\documents\crowdsimulation2019\crowdsimulation2019\demo\timing-release\demo.tlog\cl.command.1.tlog
x:\documents\crowdsimulation2019\crowdsimulation2019\demo\timing-release\demo.tlog\cl.read.1.tlog
x:\documents\crowdsimulation2019\crowdsimulation2019\demo\timing-release\demo.tlog\cl.write.1.tlog
x:\documents\crowdsimulation2019\crowdsimulation2019\demo\timing-release\demo.tlog\custombuild.command.1.tlog
x:\documents\crowdsimulation2019\crowdsimulation2019\demo\timing-release\demo.tlog\custombuild.read.1.tlog
x:\documents\crowdsimulation2019\crowdsimulation2019\demo\timing-release\demo.tlog\custombuild.write.1.tlog
x:\documents\crowdsimulation2019\crowdsimulation2019\demo\timing-release\demo.tlog\demo.write.1u.tlog
x:\documents\crowdsimulation2019\crowdsimulation2019\demo\timing-release\demo.tlog\link.command.1.tlog
x:\documents\crowdsimulation2019\crowdsimulation2019\demo\timing-release\demo.tlog\link.read.1.tlog
x:\documents\crowdsimulation2019\crowdsimulation2019\demo\timing-release\demo.tlog\link.write.1.tlog
